<?xml version="1.0" encoding="UTF-8"?>
<!-- Generated by org.testng.reporters.JUnitReportReporter -->
<testsuite hostname="DESKTOP-715ID5O" failures="0" tests="2" name="testng_demo_pkg.first_program_testng" time="7.444" errors="0" timestamp="2023-11-04T06:11:32 IST" skipped="0">
  <testcase classname="testng_demo_pkg.first_program_testng" name="TestCaseMethod1" time="4.046"/>
  <system-out/>
  <testcase classname="testng_demo_pkg.first_program_testng" name="TestCaseMethod2" time="3.398"/>
  <system-out/>
</testsuite> <!-- testng_demo_pkg.first_program_testng -->
