<?xml version="1.0" encoding="UTF-8"?>
<!-- Generated by org.testng.reporters.JUnitReportReporter -->
<testsuite hostname="DESKTOP-715ID5O" failures="0" tests="2" name="demo_3.Test_class1" time="0.037" errors="0" timestamp="2023-11-06T06:04:46 IST" skipped="0">
  <testcase classname="demo_3.Test_class1" name="Testcasemethod2" time="0.011"/>
  <system-out/>
  <testcase classname="demo_3.Test_class1" name="Testcasemethod1" time="0.026"/>
  <system-out/>
</testsuite> <!-- demo_3.Test_class1 -->
