<?xml version="1.0" encoding="UTF-8"?>
<!-- Generated by org.testng.reporters.JUnitReportReporter -->
<testsuite hostname="DESKTOP-715ID5O" failures="0" tests="2" name="demo_3.Testclass2" time="0.007" errors="0" timestamp="2023-11-06T06:04:46 IST" skipped="0">
  <testcase classname="demo_3.Testclass2" name="Testcasemethod14" time="0.004"/>
  <system-out/>
  <testcase classname="demo_3.Testclass2" name="Testcasemethod13" time="0.003"/>
  <system-out/>
</testsuite> <!-- demo_3.Testclass2 -->
