<?xml version="1.0" encoding="UTF-8"?>
<!-- Generated by org.testng.reporters.JUnitReportReporter -->
<testsuite hostname="DESKTOP-715ID5O" failures="0" tests="3" name="assertion_demo.Priority_TC_demo" time="0.023" errors="0" timestamp="2023-11-05T06:26:44 IST" skipped="0">
  <testcase classname="assertion_demo.Priority_TC_demo" name="Open_Card_door" time="0.016"/>
  <system-out/>
  <testcase classname="assertion_demo.Priority_TC_demo" name="Insert_car_key" time="0.002"/>
  <system-out/>
  <testcase classname="assertion_demo.Priority_TC_demo" name="start_the_car" time="0.005"/>
  <system-out/>
</testsuite> <!-- assertion_demo.Priority_TC_demo -->
