<?xml version="1.0" encoding="UTF-8"?>
<!-- Generated by org.testng.reporters.JUnitReportReporter -->
<testsuite hostname="DESKTOP-715ID5O" failures="0" tests="2" name="before_class_method_demo.TestNg_before_class_Demo" time="6.984" errors="0" timestamp="2023-11-04T06:10:07 IST" skipped="0">
  <testcase classname="before_class_method_demo.TestNg_before_class_Demo" name="facebook_page_open" time="4.003"/>
  <system-out/>
  <testcase classname="before_class_method_demo.TestNg_before_class_Demo" name="google_page_open" time="2.981"/>
  <system-out/>
</testsuite> <!-- before_class_method_demo.TestNg_before_class_Demo -->
